Using pre-set license
Built from '2020.3/staging' branch; Version is '2020.3.4f1 (0abb6314276a) revision 703331'; Using compiler version '192528614'; Build Type 'Release'
OS: 'Windows 10 Home Single Language; OS build 19042.928; Version 2009; 64bit' Language: 'es' Physical Memory: 16273 MB
BatchMode: 1, IsHumanControllingUs: 0, StartBugReporterOnCrash: 0, Is64bit: 1, IsPro: 0

 COMMAND LINE ARGUMENTS:
C:\Program Files\Unity\Hub\Editor\2020.3.4f1\Editor\Unity.exe
-adb2
-batchMode
-noUpm
-name
AssetImportWorker0
-projectPath
C:/Users/Boss7/Documents/UNAB/A単o 5 (2021)/Semestre 1 - 2021/Topicos de Especialidad II/Catapoint/Catapoint
-logFile
Logs/AssetImportWorker0.log
-srvPort
50385
Successfully changed project path to: C:/Users/Boss7/Documents/UNAB/A単o 5 (2021)/Semestre 1 - 2021/Topicos de Especialidad II/Catapoint/Catapoint
C:/Users/Boss7/Documents/UNAB/A単o 5 (2021)/Semestre 1 - 2021/Topicos de Especialidad II/Catapoint/Catapoint
Using Asset Import Pipeline V2.
Refreshing native plugins compatible for Editor in 46.34 ms, found 1 plugins.
Preloading 0 native plugins for Editor in 0.00 ms.
Initialize engine version: 2020.3.4f1 (0abb6314276a)
[Subsystems] Discovering subsystems at path C:/Program Files/Unity/Hub/Editor/2020.3.4f1/Editor/Data/Resources/UnitySubsystems
[Subsystems] Discovering subsystems at path C:/Users/Boss7/Documents/UNAB/A単o 5 (2021)/Semestre 1 - 2021/Topicos de Especialidad II/Catapoint/Catapoint/Assets
GfxDevice: creating device client; threaded=0
Direct3D:
    Version:  Direct3D 11.0 [level 11.1]
    Renderer: NVIDIA GeForce GTX 1050 (ID=0x1c8d)
    Vendor:   
    VRAM:     4019 MB
    Driver:   27.21.14.6611
Initialize mono
Mono path[0] = 'C:/Program Files/Unity/Hub/Editor/2020.3.4f1/Editor/Data/Managed'
Mono path[1] = 'C:/Program Files/Unity/Hub/Editor/2020.3.4f1/Editor/Data/MonoBleedingEdge/lib/mono/unityjit'
Mono config path = 'C:/Program Files/Unity/Hub/Editor/2020.3.4f1/Editor/Data/MonoBleedingEdge/etc'
Using monoOptions --debugger-agent=transport=dt_socket,embedding=1,server=y,suspend=n,address=127.0.0.1:56532
Begin MonoManager ReloadAssembly
Registering precompiled unity dll's ...
Register platform support module: C:/Program Files/Unity/Hub/Editor/2020.3.4f1/Editor/Data/PlaybackEngines/WebGLSupport/UnityEditor.WebGL.Extensions.dll
Register platform support module: C:/Program Files/Unity/Hub/Editor/2020.3.4f1/Editor/Data/PlaybackEngines/WindowsStandaloneSupport/UnityEditor.WindowsStandalone.Extensions.dll
Registered in 0.003432 seconds.
Native extension for WindowsStandalone target not found
Native extension for WebGL target not found
Refreshing native plugins compatible for Editor in 39.63 ms, found 1 plugins.
Preloading 0 native plugins for Editor in 0.00 ms.
Mono: successfully reloaded assembly
- Completed reload, in  1.374 seconds
Platform modules already initialized, skipping
Registering precompiled user dll's ...
Registered in 0.001400 seconds.
Begin MonoManager ReloadAssembly
Native extension for WindowsStandalone target not found
Native extension for WebGL target not found
Refreshing native plugins compatible for Editor in 47.33 ms, found 1 plugins.
Preloading 0 native plugins for Editor in 0.00 ms.
Mono: successfully reloaded assembly
- Completed reload, in  1.056 seconds
Platform modules already initialized, skipping
========================================================================
Worker process is ready to serve import requests
Launched and connected shader compiler UnityShaderCompiler.exe after 0.06 seconds
Refreshing native plugins compatible for Editor in 0.35 ms, found 1 plugins.
Preloading 0 native plugins for Editor in 0.00 ms.
Unloading 1808 Unused Serialized files (Serialized files now loaded: 0)
System memory in use before: 85.7 MB.
System memory in use after: 85.7 MB.

Unloading 19 unused Assets to reduce memory usage. Loaded Objects now: 2255.
Total: 1.979900 ms (FindLiveObjects: 0.308900 ms CreateObjectMapping: 0.081200 ms MarkObjects: 1.523400 ms  DeleteObjects: 0.064900 ms)

========================================================================
Received Import Request.
  path: Assets/Brackeys/2D Mega Pack/Backgrounds/DarkBackground.png
  artifactKey: Guid(50d72038d4682bd408a711176db21098) Importer(815301076,1909f56bfc062723c751e8b465ee728b)
Start importing Assets/Brackeys/2D Mega Pack/Backgrounds/DarkBackground.png using Guid(50d72038d4682bd408a711176db21098) Importer(815301076,1909f56bfc062723c751e8b465ee728b)  -> (artifact id: '545ca6ab2f1211c6096d01a3f0ba3498') in 1.436955 seconds
  Import took 1.767712 seconds .

========================================================================
Received Import Request.
  Time since last request: 0.001937 seconds.
  path: Assets/Brackeys/2D Mega Pack/Backgrounds/SkyBackground.png
  artifactKey: Guid(bb7547187a9980a4694d9a520186d028) Importer(815301076,1909f56bfc062723c751e8b465ee728b)
Start importing Assets/Brackeys/2D Mega Pack/Backgrounds/SkyBackground.png using Guid(bb7547187a9980a4694d9a520186d028) Importer(815301076,1909f56bfc062723c751e8b465ee728b)  -> (artifact id: '1db89df3d1caa15c2b514db02523cb0d') in 0.152234 seconds
  Import took 0.444216 seconds .

========================================================================
Received Import Request.
  Time since last request: 0.018335 seconds.
  path: Assets/Brackeys/2D Mega Pack/Backgrounds/BlueBackground.png
  artifactKey: Guid(10ebe7a8e14363545946d5a92ac0bcb0) Importer(815301076,1909f56bfc062723c751e8b465ee728b)
Start importing Assets/Brackeys/2D Mega Pack/Backgrounds/BlueBackground.png using Guid(10ebe7a8e14363545946d5a92ac0bcb0) Importer(815301076,1909f56bfc062723c751e8b465ee728b)  -> (artifact id: '0ee68401ff2f5bef4884f4420b7fdf53') in 0.404378 seconds
  Import took 0.779540 seconds .

========================================================================
Received Import Request.
  Time since last request: 0.003595 seconds.
  path: Assets/Brackeys/2D Mega Pack/Backgrounds/FieldBackground.png
  artifactKey: Guid(816d352463058f7488a74e1e59af50f1) Importer(815301076,1909f56bfc062723c751e8b465ee728b)
Start importing Assets/Brackeys/2D Mega Pack/Backgrounds/FieldBackground.png using Guid(816d352463058f7488a74e1e59af50f1) Importer(815301076,1909f56bfc062723c751e8b465ee728b)  -> (artifact id: 'a7c15e63e0a6e39bb1de539ce1bc1de1') in 0.196617 seconds
  Import took 0.549538 seconds .

========================================================================
Received Import Request.
  Time since last request: 0.002812 seconds.
  path: Assets/Brackeys/2D Mega Pack
  artifactKey: Guid(3f97bd75468a3704282bde6d8dcfaaba) Importer(815301076,1909f56bfc062723c751e8b465ee728b)
Start importing Assets/Brackeys/2D Mega Pack using Guid(3f97bd75468a3704282bde6d8dcfaaba) Importer(815301076,1909f56bfc062723c751e8b465ee728b)  -> (artifact id: 'dbd2ccd074dbee5e03e334ef8b178810') in 0.057010 seconds
  Import took 0.159387 seconds .

========================================================================
Received Import Request.
  Time since last request: 0.033742 seconds.
  path: Assets/Brackeys/2D Mega Pack/Backgrounds
  artifactKey: Guid(32a6e3a01c461144e9231f98f40d26e1) Importer(815301076,1909f56bfc062723c751e8b465ee728b)
Start importing Assets/Brackeys/2D Mega Pack/Backgrounds using Guid(32a6e3a01c461144e9231f98f40d26e1) Importer(815301076,1909f56bfc062723c751e8b465ee728b)  -> (artifact id: '35db17469230654b82592d33a93ac2f2') in 0.023648 seconds
  Import took 0.248037 seconds .

========================================================================
Received Import Request.
  Time since last request: 0.010017 seconds.
  path: Assets/Brackeys/2D Mega Pack/Backgrounds/GreenBackground.png
  artifactKey: Guid(79dfa877bf28eca4e9f85bd1cadf6202) Importer(815301076,1909f56bfc062723c751e8b465ee728b)
Start importing Assets/Brackeys/2D Mega Pack/Backgrounds/GreenBackground.png using Guid(79dfa877bf28eca4e9f85bd1cadf6202) Importer(815301076,1909f56bfc062723c751e8b465ee728b)  -> (artifact id: 'e4143c6f2faaa4bc4f37ccda2085e84c') in 0.128444 seconds
  Import took 0.301189 seconds .

========================================================================
Received Import Request.
  Time since last request: 0.058757 seconds.
  path: Assets/Brackeys/2D Mega Pack/Backgrounds/BrickBackground.png
  artifactKey: Guid(fdfb3796a96b09f45b7ed20555d95926) Importer(815301076,1909f56bfc062723c751e8b465ee728b)
Start importing Assets/Brackeys/2D Mega Pack/Backgrounds/BrickBackground.png using Guid(fdfb3796a96b09f45b7ed20555d95926) Importer(815301076,1909f56bfc062723c751e8b465ee728b)  -> (artifact id: '6c4462b46a65bf2ee0ecbd8ffc5997c7') in 0.123646 seconds
  Import took 0.231123 seconds .

========================================================================
Received Import Request.
  Time since last request: 0.009967 seconds.
  path: Assets/Brackeys/2D Mega Pack/Backgrounds/ArcadeGreyBackground.png
  artifactKey: Guid(730c911464148054487bb3efd7ef0d07) Importer(815301076,1909f56bfc062723c751e8b465ee728b)
Start importing Assets/Brackeys/2D Mega Pack/Backgrounds/ArcadeGreyBackground.png using Guid(730c911464148054487bb3efd7ef0d07) Importer(815301076,1909f56bfc062723c751e8b465ee728b)  -> (artifact id: '0bd7e0ec5efba14860d623fa534f2f86') in 0.251027 seconds
  Import took 0.409264 seconds .

========================================================================
Received Import Request.
  Time since last request: 0.003802 seconds.
  path: Assets/Brackeys/2D Mega Pack/Backgrounds/DustyBackground.png
  artifactKey: Guid(921dcff1d0da9eb409b4b461084190e2) Importer(815301076,1909f56bfc062723c751e8b465ee728b)
Start importing Assets/Brackeys/2D Mega Pack/Backgrounds/DustyBackground.png using Guid(921dcff1d0da9eb409b4b461084190e2) Importer(815301076,1909f56bfc062723c751e8b465ee728b)  -> (artifact id: '3ef0fed75f718c08cbaa8e65aa34a71c') in 0.204798 seconds
  Import took 0.537417 seconds .

AssetImportWorkerClient::OnTransportError - code=2 error=End of file
